<?xml version="1.0" encoding="UTF-8"?>
<testsuite xmlns:xsi="http://www.w3.org/2001/XMLSchema-instance" xsi:noNamespaceSchemaLocation="https://maven.apache.org/surefire/maven-surefire-plugin/xsd/surefire-test-report.xsd" name="TC001_GET_Request" time="4.697" tests="2" errors="0" skipped="0" failures="0">
  <properties>
[...]
</properties>
  <testcase name="getAllWeatherData" classname="TC001_GET_Request" time="3.149"/>
  <testcase name="getweatherDetails" classname="TC001_GET_Request" time="1.056"/>
</testsuite>